Using pre-set license
Built from '2020.2/release' branch; Version is '2020.2.2f1 (068178b99f32) revision 426360'; Using compiler version '192528614'; Build Type 'Release'
OS: 'Windows 10 Home Single Language; OS build 19042.1052; Version 2009; 64bit' Language: 'ru' Physical Memory: 4011 MB
BatchMode: 1, IsHumanControllingUs: 0, StartBugReporterOnCrash: 0, Is64bit: 1, IsPro: 0

 COMMAND LINE ARGUMENTS:
C:\Program Files\Unity\Hub\Editor\2020.2.2f1\Editor\Unity.exe
-adb2
-batchMode
-noUpm
-name
AssetImportWorker0
-projectPath
D:/Projects/Three in a row
-logFile
Logs/AssetImportWorker0.log
-srvPort
54156
Successfully changed project path to: D:/Projects/Three in a row
D:/Projects/Three in a row
Using Asset Import Pipeline V2.
Refreshing native plugins compatible for Editor in 79.39 ms, found 1 plugins.
Preloading 0 native plugins for Editor in 0.00 ms.
Initialize engine version: 2020.2.2f1 (068178b99f32)
[Subsystems] Discovering subsystems at path C:/Program Files/Unity/Hub/Editor/2020.2.2f1/Editor/Data/Resources/UnitySubsystems
[Subsystems] Discovering subsystems at path D:/Projects/Three in a row/Assets
GfxDevice: creating device client; threaded=0
Direct3D:
    Version:  Direct3D 11.0 [level 11.0]
    Renderer: NVIDIA GeForce MX110 (ID=0x174e)
    Vendor:   
    VRAM:     2010 MB
    Driver:   27.21.14.6230
Initialize mono
Mono path[0] = 'C:/Program Files/Unity/Hub/Editor/2020.2.2f1/Editor/Data/Managed'
Mono path[1] = 'C:/Program Files/Unity/Hub/Editor/2020.2.2f1/Editor/Data/MonoBleedingEdge/lib/mono/unityjit'
Mono config path = 'C:/Program Files/Unity/Hub/Editor/2020.2.2f1/Editor/Data/MonoBleedingEdge/etc'
Using monoOptions --debugger-agent=transport=dt_socket,embedding=1,server=y,suspend=n,address=127.0.0.1:56620
Begin MonoManager ReloadAssembly
Registering precompiled unity dll's ...
Register platform support module: C:/Program Files/Unity/Hub/Editor/2020.2.2f1/Editor/Data/PlaybackEngines/WindowsStandaloneSupport/UnityEditor.WindowsStandalone.Extensions.dll
Registered in 0.003003 seconds.
Native extension for WindowsStandalone target not found
Refreshing native plugins compatible for Editor in 62.47 ms, found 1 plugins.
Preloading 0 native plugins for Editor in 0.00 ms.
Invoked RoslynAnalysisRunner static constructor.
RoslynAnalysisRunner will not be running.
RoslynAnalysisRunner has terminated.
Mono: successfully reloaded assembly
- Completed reload, in  6.920 seconds
Platform modules already initialized, skipping
Registering precompiled user dll's ...
Registered in 0.002103 seconds.
Begin MonoManager ReloadAssembly
Native extension for WindowsStandalone target not found
Refreshing native plugins compatible for Editor in 70.28 ms, found 1 plugins.
Preloading 0 native plugins for Editor in 0.00 ms.
Invoked RoslynAnalysisRunner static constructor.
RoslynAnalysisRunner will not be running.
RoslynAnalysisRunner has terminated.
Mono: successfully reloaded assembly
- Completed reload, in  1.797 seconds
Platform modules already initialized, skipping
========================================================================
Worker process is ready to serve import requests
Launched and connected shader compiler UnityShaderCompiler.exe after 0.10 seconds
Refreshing native plugins compatible for Editor in 0.48 ms, found 1 plugins.
Preloading 0 native plugins for Editor in 0.00 ms.
Unloading 1813 Unused Serialized files (Serialized files now loaded: 0)
System memory in use before: 84.7 MB.
System memory in use after: 84.7 MB.

Unloading 24 unused Assets to reduce memory usage. Loaded Objects now: 2256.
Total: 2.940000 ms (FindLiveObjects: 0.339300 ms CreateObjectMapping: 0.106700 ms MarkObjects: 2.277900 ms  DeleteObjects: 0.214000 ms)

========================================================================
Received Import Request.
  path: Assets/Resources/GameResources.asset
  artifactKey: Guid(492967bba8b897746b718588ae1c510b) Importer(815301076,1909f56bfc062723c751e8b465ee728b)
Start importing Assets/Resources/GameResources.asset using Guid(492967bba8b897746b718588ae1c510b) Importer(815301076,1909f56bfc062723c751e8b465ee728b)  -> (artifact id: 'a956c4d9bf727c21dbcec172b3092db0') in 0.110510 seconds
  Import took 0.118310 seconds .

========================================================================
Received Prepare
Registering precompiled user dll's ...
Registered in 0.002663 seconds.
Begin MonoManager ReloadAssembly
Native extension for WindowsStandalone target not found
Refreshing native plugins compatible for Editor in 1.04 ms, found 1 plugins.
Preloading 0 native plugins for Editor in 0.00 ms.
Invoked RoslynAnalysisRunner static constructor.
RoslynAnalysisRunner will not be running.
RoslynAnalysisRunner has terminated.
Mono: successfully reloaded assembly
- Completed reload, in  3.987 seconds
Platform modules already initialized, skipping
Refreshing native plugins compatible for Editor in 3.87 ms, found 1 plugins.
Preloading 0 native plugins for Editor in 0.00 ms.
Unloading 1808 Unused Serialized files (Serialized files now loaded: 0)
System memory in use before: 84.8 MB.
System memory in use after: 84.8 MB.

Unloading 12 unused Assets to reduce memory usage. Loaded Objects now: 2259.
Total: 7.164300 ms (FindLiveObjects: 0.572600 ms CreateObjectMapping: 0.216900 ms MarkObjects: 6.044200 ms  DeleteObjects: 0.324600 ms)

========================================================================
Received Import Request.
  Time since last request: 135.816885 seconds.
  path: Assets/Simple Buttons/Buttons Style 12 (Square Blue)
  artifactKey: Guid(091014386659af5498eb18ea5425be58) Importer(815301076,1909f56bfc062723c751e8b465ee728b)
Start importing Assets/Simple Buttons/Buttons Style 12 (Square Blue) using Guid(091014386659af5498eb18ea5425be58) Importer(815301076,1909f56bfc062723c751e8b465ee728b)  -> (artifact id: '38f017d27368013fbadd7ce71d4b809c') in 0.028274 seconds
  Import took 0.037972 seconds .

========================================================================
Received Import Request.
  Time since last request: 0.970312 seconds.
  path: Assets/Simple Buttons/Buttons Style 11 (Rounded Blue)
  artifactKey: Guid(b757be4ceeaed9a49a9d4eb91886da97) Importer(815301076,1909f56bfc062723c751e8b465ee728b)
Start importing Assets/Simple Buttons/Buttons Style 11 (Rounded Blue) using Guid(b757be4ceeaed9a49a9d4eb91886da97) Importer(815301076,1909f56bfc062723c751e8b465ee728b)  -> (artifact id: '64ea58db192a43d3c8c3fffd30436983') in 0.046990 seconds
  Import took 0.065326 seconds .

========================================================================
Received Import Request.
  Time since last request: 21.632975 seconds.
  path: Assets/Simple Buttons/Buttons Style 13 (Rounded Gray)/GrayRound.png
  artifactKey: Guid(9f3fe5aee49ffcf45b0b8cdc8afe1707) Importer(815301076,1909f56bfc062723c751e8b465ee728b)
Start importing Assets/Simple Buttons/Buttons Style 13 (Rounded Gray)/GrayRound.png using Guid(9f3fe5aee49ffcf45b0b8cdc8afe1707) Importer(815301076,1909f56bfc062723c751e8b465ee728b)  -> (artifact id: 'bfb602296402c036c084d04d72f518d3') in 0.176126 seconds
  Import took 0.184881 seconds .

========================================================================
Received Import Request.
  Time since last request: 9.215735 seconds.
  path: Assets/Simple Buttons/Buttons Style 14 (Square Gray)/GraySquare.png
  artifactKey: Guid(9bd836ecda94f2c43952b7044e995758) Importer(815301076,1909f56bfc062723c751e8b465ee728b)
Start importing Assets/Simple Buttons/Buttons Style 14 (Square Gray)/GraySquare.png using Guid(9bd836ecda94f2c43952b7044e995758) Importer(815301076,1909f56bfc062723c751e8b465ee728b)  -> (artifact id: '7960d76711f0349a084fa2da6691567e') in 0.038782 seconds
  Import took 0.049063 seconds .

========================================================================
Received Import Request.
  Time since last request: 0.000579 seconds.
  path: Assets/Simple Buttons/Buttons Style 14 (Square Gray)/GraySquare.png
  artifactKey: Guid(9bd836ecda94f2c43952b7044e995758) Importer(815301076,1909f56bfc062723c751e8b465ee728b)
Start importing Assets/Simple Buttons/Buttons Style 14 (Square Gray)/GraySquare.png using Guid(9bd836ecda94f2c43952b7044e995758) Importer(815301076,1909f56bfc062723c751e8b465ee728b)  -> (artifact id: '7960d76711f0349a084fa2da6691567e') in 0.038884 seconds
  Import took 0.050675 seconds .

========================================================================
Received Import Request.
  Time since last request: 111.400172 seconds.
  path: Assets/Resources/StoneInfo/PinkStone.asset
  artifactKey: Guid(9eddb0f2c76e5c147a5175801e612029) Importer(815301076,1909f56bfc062723c751e8b465ee728b)
Start importing Assets/Resources/StoneInfo/PinkStone.asset using Guid(9eddb0f2c76e5c147a5175801e612029) Importer(815301076,1909f56bfc062723c751e8b465ee728b)  -> (artifact id: '4fe1adc1170d09cf46022816bb717b40') in 0.027129 seconds
  Import took 0.038352 seconds .

========================================================================
Received Import Request.
  Time since last request: 1.005203 seconds.
  path: Assets/Resources/StoneInfo/PinkStone 1.asset
  artifactKey: Guid(e5ea6c2458f96f34782254ebce060b87) Importer(815301076,1909f56bfc062723c751e8b465ee728b)
Start importing Assets/Resources/StoneInfo/PinkStone 1.asset using Guid(e5ea6c2458f96f34782254ebce060b87) Importer(815301076,1909f56bfc062723c751e8b465ee728b)  -> (artifact id: 'df2ddde036679cc35db552d80ddd9306') in 0.026734 seconds
  Import took 0.034626 seconds .

========================================================================
Received Import Request.
  Time since last request: 0.000491 seconds.
  path: Assets/Resources/StoneInfo/PinkStone 1.asset
  artifactKey: Guid(e5ea6c2458f96f34782254ebce060b87) Importer(815301076,1909f56bfc062723c751e8b465ee728b)
Start importing Assets/Resources/StoneInfo/PinkStone 1.asset using Guid(e5ea6c2458f96f34782254ebce060b87) Importer(815301076,1909f56bfc062723c751e8b465ee728b)  -> (artifact id: 'df2ddde036679cc35db552d80ddd9306') in 0.010706 seconds
  Import took 0.022519 seconds .

========================================================================
Received Import Request.
  Time since last request: 6.453946 seconds.
  path: Assets/Resources/StoneInfo/GrayStone.asset
  artifactKey: Guid(9eddb0f2c76e5c147a5175801e612029) Importer(815301076,1909f56bfc062723c751e8b465ee728b)
Start importing Assets/Resources/StoneInfo/GrayStone.asset using Guid(9eddb0f2c76e5c147a5175801e612029) Importer(815301076,1909f56bfc062723c751e8b465ee728b)  -> (artifact id: '6a9b5f7cf87543cc5a8ef9ca55a11ffc') in 0.021919 seconds
  Import took 0.030628 seconds .

========================================================================
Received Import Request.
  Time since last request: 23.395392 seconds.
  path: Assets/Resources/StoneInfo/PinkStone.asset
  artifactKey: Guid(e5ea6c2458f96f34782254ebce060b87) Importer(815301076,1909f56bfc062723c751e8b465ee728b)
Start importing Assets/Resources/StoneInfo/PinkStone.asset using Guid(e5ea6c2458f96f34782254ebce060b87) Importer(815301076,1909f56bfc062723c751e8b465ee728b)  -> (artifact id: 'cb47110c4a99c025cab4fe9ff715bd68') in 0.007885 seconds
  Import took 0.018309 seconds .

========================================================================
Received Import Request.
  Time since last request: 2.340903 seconds.
  path: Assets/Resources/StoneInfo/GreenStone.asset
  artifactKey: Guid(07d934a32d697cb4cbb4a88cd49e7b06) Importer(815301076,1909f56bfc062723c751e8b465ee728b)
Start importing Assets/Resources/StoneInfo/GreenStone.asset using Guid(07d934a32d697cb4cbb4a88cd49e7b06) Importer(815301076,1909f56bfc062723c751e8b465ee728b)  -> (artifact id: '9157be294b96ccb0e02682c823b27515') in 0.023600 seconds
  Import took 0.032501 seconds .

========================================================================
Received Import Request.
  Time since last request: 0.613205 seconds.
  path: Assets/Resources/StoneInfo/BlueStone.asset
  artifactKey: Guid(9ed4a3084680a404aadbb7389ec372ff) Importer(815301076,1909f56bfc062723c751e8b465ee728b)
Start importing Assets/Resources/StoneInfo/BlueStone.asset using Guid(9ed4a3084680a404aadbb7389ec372ff) Importer(815301076,1909f56bfc062723c751e8b465ee728b)  -> (artifact id: 'a2336616b4c97ee4e1c094bfdc69d56f') in 0.026307 seconds
  Import took 0.032772 seconds .

========================================================================
Received Import Request.
  Time since last request: 33.870842 seconds.
  path: Assets/Simple Buttons/Buttons Style 12 (Square Blue)/GrayBlueSquare.png
  artifactKey: Guid(965335f18fd89e94ab933d8c4c5aa4c4) Importer(815301076,1909f56bfc062723c751e8b465ee728b)
Start importing Assets/Simple Buttons/Buttons Style 12 (Square Blue)/GrayBlueSquare.png using Guid(965335f18fd89e94ab933d8c4c5aa4c4) Importer(815301076,1909f56bfc062723c751e8b465ee728b)  -> (artifact id: '2b466de3a1a51f8aca583c8081e84293') in 0.040404 seconds
  Import took 0.052094 seconds .

========================================================================
Received Import Request.
  Time since last request: 23.052234 seconds.
  path: Assets/Resources/StoneConfig.asset
  artifactKey: Guid(a8f80711550b7f74f9ceaa3482310f26) Importer(815301076,1909f56bfc062723c751e8b465ee728b)
Start importing Assets/Resources/StoneConfig.asset using Guid(a8f80711550b7f74f9ceaa3482310f26) Importer(815301076,1909f56bfc062723c751e8b465ee728b)  -> (artifact id: 'c8a2ca74d1b21e11d63f96cae4cf4a47') in 0.022143 seconds
  Import took 0.029867 seconds .

========================================================================
Received Import Request.
  Time since last request: 0.021406 seconds.
  path: Assets/Resources/StoneConfig.asset
  artifactKey: Guid(a8f80711550b7f74f9ceaa3482310f26) Importer(815301076,1909f56bfc062723c751e8b465ee728b)
Start importing Assets/Resources/StoneConfig.asset using Guid(a8f80711550b7f74f9ceaa3482310f26) Importer(815301076,1909f56bfc062723c751e8b465ee728b)  -> (artifact id: 'c8a2ca74d1b21e11d63f96cae4cf4a47') in 0.010428 seconds
  Import took 0.018436 seconds .

========================================================================
Received Import Request.
  Time since last request: 300.357387 seconds.
  path: Assets/Simple Buttons/GrayBlueSquare.png
  artifactKey: Guid(965335f18fd89e94ab933d8c4c5aa4c4) Importer(815301076,1909f56bfc062723c751e8b465ee728b)
Start importing Assets/Simple Buttons/GrayBlueSquare.png using Guid(965335f18fd89e94ab933d8c4c5aa4c4) Importer(815301076,1909f56bfc062723c751e8b465ee728b)  -> (artifact id: '3475b16f78ff08c5af55b040576cc220') in 0.037951 seconds
  Import took 0.047332 seconds .

========================================================================
Received Prepare
Registering precompiled user dll's ...
Registered in 0.002968 seconds.
Begin MonoManager ReloadAssembly
Native extension for WindowsStandalone target not found
Refreshing native plugins compatible for Editor in 0.56 ms, found 1 plugins.
Preloading 0 native plugins for Editor in 0.00 ms.
Invoked RoslynAnalysisRunner static constructor.
RoslynAnalysisRunner will not be running.
RoslynAnalysisRunner has terminated.
Mono: successfully reloaded assembly
- Completed reload, in  1.750 seconds
Platform modules already initialized, skipping
Refreshing native plugins compatible for Editor in 0.50 ms, found 1 plugins.
Preloading 0 native plugins for Editor in 0.00 ms.
Unloading 1808 Unused Serialized files (Serialized files now loaded: 0)
System memory in use before: 88.0 MB.
System memory in use after: 88.0 MB.

Unloading 12 unused Assets to reduce memory usage. Loaded Objects now: 2268.
Total: 3.401700 ms (FindLiveObjects: 0.358700 ms CreateObjectMapping: 0.115100 ms MarkObjects: 2.708400 ms  DeleteObjects: 0.217000 ms)

========================================================================
Received Import Request.
  Time since last request: 696.402021 seconds.
  path: Assets/Simple Buttons/GrayBlueSquare.png
  artifactKey: Guid(965335f18fd89e94ab933d8c4c5aa4c4) Importer(815301076,1909f56bfc062723c751e8b465ee728b)
Start importing Assets/Simple Buttons/GrayBlueSquare.png using Guid(965335f18fd89e94ab933d8c4c5aa4c4) Importer(815301076,1909f56bfc062723c751e8b465ee728b)  -> (artifact id: 'c124b3e08cfb8c03f61ed77150793399') in 0.122999 seconds
  Import took 0.133779 seconds .

========================================================================
Received Prepare
Registering precompiled user dll's ...
Registered in 0.001414 seconds.
Begin MonoManager ReloadAssembly
Native extension for WindowsStandalone target not found
Refreshing native plugins compatible for Editor in 1.08 ms, found 1 plugins.
Preloading 0 native plugins for Editor in 0.00 ms.
Invoked RoslynAnalysisRunner static constructor.
RoslynAnalysisRunner will not be running.
RoslynAnalysisRunner has terminated.
Mono: successfully reloaded assembly
- Completed reload, in  4.241 seconds
Platform modules already initialized, skipping
Refreshing native plugins compatible for Editor in 1.07 ms, found 1 plugins.
Preloading 0 native plugins for Editor in 0.00 ms.
Unloading 1808 Unused Serialized files (Serialized files now loaded: 0)
System memory in use before: 88.1 MB.
System memory in use after: 88.1 MB.

Unloading 12 unused Assets to reduce memory usage. Loaded Objects now: 2272.
Total: 7.207200 ms (FindLiveObjects: 0.749400 ms CreateObjectMapping: 0.289100 ms MarkObjects: 5.782600 ms  DeleteObjects: 0.381700 ms)

========================================================================
Received Import Request.
  Time since last request: 44.064640 seconds.
  path: Assets/Simple Buttons/GrayRound.png
  artifactKey: Guid(9f3fe5aee49ffcf45b0b8cdc8afe1707) Importer(815301076,1909f56bfc062723c751e8b465ee728b)
Start importing Assets/Simple Buttons/GrayRound.png using Guid(9f3fe5aee49ffcf45b0b8cdc8afe1707) Importer(815301076,1909f56bfc062723c751e8b465ee728b)  -> (artifact id: '4403af5d132b587e1eecdf6f0fb3bd23') in 0.204975 seconds
  Import took 0.236224 seconds .

========================================================================
Received Import Request.
  Time since last request: 5.045227 seconds.
  path: Assets/Simple Buttons/GrayRound.png
  artifactKey: Guid(9f3fe5aee49ffcf45b0b8cdc8afe1707) Importer(815301076,1909f56bfc062723c751e8b465ee728b)
Start importing Assets/Simple Buttons/GrayRound.png using Guid(9f3fe5aee49ffcf45b0b8cdc8afe1707) Importer(815301076,1909f56bfc062723c751e8b465ee728b)  -> (artifact id: 'd9b2971945b1786b9c2885dfe79cff70') in 0.064627 seconds
  Import took 0.077018 seconds .

========================================================================
Received Prepare
Registering precompiled user dll's ...
Registered in 0.001861 seconds.
Begin MonoManager ReloadAssembly
Native extension for WindowsStandalone target not found
Refreshing native plugins compatible for Editor in 0.63 ms, found 1 plugins.
Preloading 0 native plugins for Editor in 0.00 ms.
Invoked RoslynAnalysisRunner static constructor.
RoslynAnalysisRunner will not be running.
RoslynAnalysisRunner has terminated.
Mono: successfully reloaded assembly
- Completed reload, in  1.714 seconds
Platform modules already initialized, skipping
Refreshing native plugins compatible for Editor in 0.76 ms, found 1 plugins.
Preloading 0 native plugins for Editor in 0.00 ms.
Unloading 1808 Unused Serialized files (Serialized files now loaded: 0)
System memory in use before: 88.2 MB.
System memory in use after: 88.2 MB.

Unloading 12 unused Assets to reduce memory usage. Loaded Objects now: 2276.
Total: 4.294300 ms (FindLiveObjects: 0.392300 ms CreateObjectMapping: 0.234200 ms MarkObjects: 3.474300 ms  DeleteObjects: 0.190600 ms)

========================================================================
Received Prepare
Registering precompiled user dll's ...
Registered in 0.001156 seconds.
Begin MonoManager ReloadAssembly
Native extension for WindowsStandalone target not found
Refreshing native plugins compatible for Editor in 0.51 ms, found 1 plugins.
Preloading 0 native plugins for Editor in 0.00 ms.
Invoked RoslynAnalysisRunner static constructor.
RoslynAnalysisRunner will not be running.
RoslynAnalysisRunner has terminated.
Mono: successfully reloaded assembly
- Completed reload, in  1.608 seconds
Platform modules already initialized, skipping
Refreshing native plugins compatible for Editor in 0.47 ms, found 1 plugins.
Preloading 0 native plugins for Editor in 0.00 ms.
Unloading 1808 Unused Serialized files (Serialized files now loaded: 0)
System memory in use before: 88.3 MB.
System memory in use after: 88.3 MB.

Unloading 12 unused Assets to reduce memory usage. Loaded Objects now: 2279.
Total: 3.788900 ms (FindLiveObjects: 0.336800 ms CreateObjectMapping: 0.132200 ms MarkObjects: 3.156900 ms  DeleteObjects: 0.161000 ms)

========================================================================
Received Prepare
Registering precompiled user dll's ...
Registered in 0.001770 seconds.
Begin MonoManager ReloadAssembly
Native extension for WindowsStandalone target not found
Refreshing native plugins compatible for Editor in 0.47 ms, found 1 plugins.
Preloading 0 native plugins for Editor in 0.00 ms.
Invoked RoslynAnalysisRunner static constructor.
RoslynAnalysisRunner will not be running.
RoslynAnalysisRunner has terminated.
Mono: successfully reloaded assembly
- Completed reload, in  1.913 seconds
Platform modules already initialized, skipping
Refreshing native plugins compatible for Editor in 0.49 ms, found 1 plugins.
Preloading 0 native plugins for Editor in 0.00 ms.
Unloading 1808 Unused Serialized files (Serialized files now loaded: 0)
System memory in use before: 88.4 MB.
System memory in use after: 88.4 MB.

Unloading 12 unused Assets to reduce memory usage. Loaded Objects now: 2282.
Total: 4.481200 ms (FindLiveObjects: 0.402700 ms CreateObjectMapping: 0.142000 ms MarkObjects: 3.721700 ms  DeleteObjects: 0.211900 ms)

========================================================================
Received Prepare
Registering precompiled user dll's ...
Registered in 0.001144 seconds.
Begin MonoManager ReloadAssembly
Native extension for WindowsStandalone target not found
Refreshing native plugins compatible for Editor in 0.53 ms, found 1 plugins.
Preloading 0 native plugins for Editor in 0.00 ms.
Invoked RoslynAnalysisRunner static constructor.
RoslynAnalysisRunner will not be running.
RoslynAnalysisRunner has terminated.
Mono: successfully reloaded assembly
- Completed reload, in  1.531 seconds
Platform modules already initialized, skipping
Refreshing native plugins compatible for Editor in 0.71 ms, found 1 plugins.
Preloading 0 native plugins for Editor in 0.00 ms.
Unloading 1808 Unused Serialized files (Serialized files now loaded: 0)
System memory in use before: 88.4 MB.
System memory in use after: 88.4 MB.

Unloading 12 unused Assets to reduce memory usage. Loaded Objects now: 2285.
Total: 3.715400 ms (FindLiveObjects: 0.484300 ms CreateObjectMapping: 0.175000 ms MarkObjects: 2.896700 ms  DeleteObjects: 0.157100 ms)

========================================================================
Received Prepare
Registering precompiled user dll's ...
Registered in 0.001797 seconds.
Begin MonoManager ReloadAssembly
Native extension for WindowsStandalone target not found
Refreshing native plugins compatible for Editor in 0.88 ms, found 1 plugins.
Preloading 0 native plugins for Editor in 0.00 ms.
Invoked RoslynAnalysisRunner static constructor.
RoslynAnalysisRunner will not be running.
RoslynAnalysisRunner has terminated.
Mono: successfully reloaded assembly
- Completed reload, in  1.886 seconds
Platform modules already initialized, skipping
Refreshing native plugins compatible for Editor in 0.49 ms, found 1 plugins.
Preloading 0 native plugins for Editor in 0.00 ms.
Unloading 1808 Unused Serialized files (Serialized files now loaded: 0)
System memory in use before: 88.5 MB.
System memory in use after: 88.5 MB.

Unloading 12 unused Assets to reduce memory usage. Loaded Objects now: 2288.
Total: 5.022200 ms (FindLiveObjects: 0.337600 ms CreateObjectMapping: 0.131900 ms MarkObjects: 4.308400 ms  DeleteObjects: 0.241400 ms)

========================================================================
Received Prepare
Registering precompiled user dll's ...
Registered in 0.001722 seconds.
Begin MonoManager ReloadAssembly
Native extension for WindowsStandalone target not found
Refreshing native plugins compatible for Editor in 0.50 ms, found 1 plugins.
Preloading 0 native plugins for Editor in 0.00 ms.
Invoked RoslynAnalysisRunner static constructor.
RoslynAnalysisRunner will not be running.
RoslynAnalysisRunner has terminated.
Mono: successfully reloaded assembly
- Completed reload, in  1.660 seconds
Platform modules already initialized, skipping
Refreshing native plugins compatible for Editor in 0.47 ms, found 1 plugins.
Preloading 0 native plugins for Editor in 0.00 ms.
Unloading 1808 Unused Serialized files (Serialized files now loaded: 0)
System memory in use before: 88.6 MB.
System memory in use after: 88.6 MB.

Unloading 12 unused Assets to reduce memory usage. Loaded Objects now: 2291.
Total: 5.820800 ms (FindLiveObjects: 0.815500 ms CreateObjectMapping: 0.406700 ms MarkObjects: 4.284500 ms  DeleteObjects: 0.310400 ms)

========================================================================
Received Prepare
Registering precompiled user dll's ...
Registered in 0.002344 seconds.
Begin MonoManager ReloadAssembly
Native extension for WindowsStandalone target not found
Refreshing native plugins compatible for Editor in 0.48 ms, found 1 plugins.
Preloading 0 native plugins for Editor in 0.00 ms.
Invoked RoslynAnalysisRunner static constructor.
RoslynAnalysisRunner will not be running.
RoslynAnalysisRunner has terminated.
Mono: successfully reloaded assembly
- Completed reload, in  1.598 seconds
Platform modules already initialized, skipping
Refreshing native plugins compatible for Editor in 0.84 ms, found 1 plugins.
Preloading 0 native plugins for Editor in 0.00 ms.
Unloading 1808 Unused Serialized files (Serialized files now loaded: 0)
System memory in use before: 88.7 MB.
System memory in use after: 88.7 MB.

Unloading 12 unused Assets to reduce memory usage. Loaded Objects now: 2294.
Total: 3.241200 ms (FindLiveObjects: 0.287800 ms CreateObjectMapping: 0.107900 ms MarkObjects: 2.647100 ms  DeleteObjects: 0.196500 ms)

========================================================================
Received Prepare
Registering precompiled user dll's ...
Registered in 0.001196 seconds.
Begin MonoManager ReloadAssembly
Native extension for WindowsStandalone target not found
Refreshing native plugins compatible for Editor in 0.75 ms, found 1 plugins.
Preloading 0 native plugins for Editor in 0.00 ms.
Invoked RoslynAnalysisRunner static constructor.
RoslynAnalysisRunner will not be running.
RoslynAnalysisRunner has terminated.
Mono: successfully reloaded assembly
- Completed reload, in  1.562 seconds
Platform modules already initialized, skipping
Refreshing native plugins compatible for Editor in 0.49 ms, found 1 plugins.
Preloading 0 native plugins for Editor in 0.00 ms.
Unloading 1808 Unused Serialized files (Serialized files now loaded: 0)
System memory in use before: 88.8 MB.
System memory in use after: 88.8 MB.

Unloading 12 unused Assets to reduce memory usage. Loaded Objects now: 2297.
Total: 3.957900 ms (FindLiveObjects: 0.552700 ms CreateObjectMapping: 0.222700 ms MarkObjects: 2.978600 ms  DeleteObjects: 0.200800 ms)

========================================================================
Received Prepare
Registering precompiled user dll's ...
Registered in 0.001197 seconds.
Begin MonoManager ReloadAssembly
Native extension for WindowsStandalone target not found
Refreshing native plugins compatible for Editor in 0.54 ms, found 1 plugins.
Preloading 0 native plugins for Editor in 0.00 ms.
Invoked RoslynAnalysisRunner static constructor.
RoslynAnalysisRunner will not be running.
RoslynAnalysisRunner has terminated.
Mono: successfully reloaded assembly
- Completed reload, in  1.619 seconds
Platform modules already initialized, skipping
Refreshing native plugins compatible for Editor in 0.49 ms, found 1 plugins.
Preloading 0 native plugins for Editor in 0.00 ms.
Unloading 1808 Unused Serialized files (Serialized files now loaded: 0)
System memory in use before: 88.8 MB.
System memory in use after: 88.8 MB.

Unloading 12 unused Assets to reduce memory usage. Loaded Objects now: 2300.
Total: 3.095900 ms (FindLiveObjects: 0.364000 ms CreateObjectMapping: 0.171800 ms MarkObjects: 2.391700 ms  DeleteObjects: 0.166000 ms)

========================================================================
Received Prepare
Registering precompiled user dll's ...
Registered in 0.001822 seconds.
Begin MonoManager ReloadAssembly
Native extension for WindowsStandalone target not found
Refreshing native plugins compatible for Editor in 0.50 ms, found 1 plugins.
Preloading 0 native plugins for Editor in 0.00 ms.
Invoked RoslynAnalysisRunner static constructor.
RoslynAnalysisRunner will not be running.
RoslynAnalysisRunner has terminated.
Mono: successfully reloaded assembly
- Completed reload, in  1.985 seconds
Platform modules already initialized, skipping
Refreshing native plugins compatible for Editor in 0.46 ms, found 1 plugins.
Preloading 0 native plugins for Editor in 0.00 ms.
Unloading 1808 Unused Serialized files (Serialized files now loaded: 0)
System memory in use before: 88.9 MB.
System memory in use after: 88.9 MB.

Unloading 12 unused Assets to reduce memory usage. Loaded Objects now: 2303.
Total: 5.460400 ms (FindLiveObjects: 0.395300 ms CreateObjectMapping: 0.118100 ms MarkObjects: 4.742700 ms  DeleteObjects: 0.201400 ms)

========================================================================
Received Prepare
Registering precompiled user dll's ...
Registered in 0.001272 seconds.
Begin MonoManager ReloadAssembly
Native extension for WindowsStandalone target not found
Refreshing native plugins compatible for Editor in 0.83 ms, found 1 plugins.
Preloading 0 native plugins for Editor in 0.00 ms.
Invoked RoslynAnalysisRunner static constructor.
RoslynAnalysisRunner will not be running.
RoslynAnalysisRunner has terminated.
Mono: successfully reloaded assembly
- Completed reload, in  1.546 seconds
Platform modules already initialized, skipping
Refreshing native plugins compatible for Editor in 0.78 ms, found 1 plugins.
Preloading 0 native plugins for Editor in 0.00 ms.
Unloading 1808 Unused Serialized files (Serialized files now loaded: 0)
System memory in use before: 89.0 MB.
System memory in use after: 89.0 MB.

Unloading 12 unused Assets to reduce memory usage. Loaded Objects now: 2306.
Total: 4.849600 ms (FindLiveObjects: 0.444000 ms CreateObjectMapping: 0.214400 ms MarkObjects: 3.940800 ms  DeleteObjects: 0.247700 ms)

========================================================================
Received Prepare
Registering precompiled user dll's ...
Registered in 0.001524 seconds.
Begin MonoManager ReloadAssembly
Native extension for WindowsStandalone target not found
Refreshing native plugins compatible for Editor in 0.53 ms, found 1 plugins.
Preloading 0 native plugins for Editor in 0.00 ms.
Invoked RoslynAnalysisRunner static constructor.
RoslynAnalysisRunner will not be running.
RoslynAnalysisRunner has terminated.
Mono: successfully reloaded assembly
- Completed reload, in  1.674 seconds
Platform modules already initialized, skipping
Refreshing native plugins compatible for Editor in 0.76 ms, found 1 plugins.
Preloading 0 native plugins for Editor in 0.00 ms.
Unloading 1808 Unused Serialized files (Serialized files now loaded: 0)
System memory in use before: 89.1 MB.
System memory in use after: 89.1 MB.

Unloading 12 unused Assets to reduce memory usage. Loaded Objects now: 2309.
Total: 4.237100 ms (FindLiveObjects: 0.298400 ms CreateObjectMapping: 0.138600 ms MarkObjects: 3.584500 ms  DeleteObjects: 0.213300 ms)

========================================================================
Received Prepare
Registering precompiled user dll's ...
Registered in 0.024997 seconds.
Begin MonoManager ReloadAssembly
Native extension for WindowsStandalone target not found
Refreshing native plugins compatible for Editor in 1.10 ms, found 1 plugins.
Preloading 0 native plugins for Editor in 0.00 ms.
Invoked RoslynAnalysisRunner static constructor.
RoslynAnalysisRunner will not be running.
RoslynAnalysisRunner has terminated.
Mono: successfully reloaded assembly
- Completed reload, in  3.233 seconds
Platform modules already initialized, skipping
Refreshing native plugins compatible for Editor in 0.54 ms, found 1 plugins.
Preloading 0 native plugins for Editor in 0.00 ms.
Unloading 1808 Unused Serialized files (Serialized files now loaded: 0)
System memory in use before: 89.2 MB.
System memory in use after: 89.2 MB.

Unloading 12 unused Assets to reduce memory usage. Loaded Objects now: 2312.
Total: 6.911600 ms (FindLiveObjects: 0.772300 ms CreateObjectMapping: 0.191000 ms MarkObjects: 5.101100 ms  DeleteObjects: 0.840600 ms)

========================================================================
Received Import Request.
  Time since last request: 1846.444437 seconds.
  path: Assets/Simple Buttons/BlueRound.png
  artifactKey: Guid(519e049cda1c435499eebd1d97d741c2) Importer(815301076,1909f56bfc062723c751e8b465ee728b)
Start importing Assets/Simple Buttons/BlueRound.png using Guid(519e049cda1c435499eebd1d97d741c2) Importer(815301076,1909f56bfc062723c751e8b465ee728b)  -> (artifact id: 'af5fbc747bd2f91832f6d4777f0bda29') in 0.231893 seconds
  Import took 0.246446 seconds .

========================================================================
Received Import Request.
  Time since last request: 6.018726 seconds.
  path: Assets/Simple Buttons/BlueRound.png
  artifactKey: Guid(519e049cda1c435499eebd1d97d741c2) Importer(815301076,1909f56bfc062723c751e8b465ee728b)
Start importing Assets/Simple Buttons/BlueRound.png using Guid(519e049cda1c435499eebd1d97d741c2) Importer(815301076,1909f56bfc062723c751e8b465ee728b)  -> (artifact id: 'c4a54bfa185845ee79b251ab7e635c5a') in 0.049047 seconds
  Import took 0.062561 seconds .

========================================================================
Received Prepare
Registering precompiled user dll's ...
Registered in 0.001197 seconds.
Begin MonoManager ReloadAssembly
Native extension for WindowsStandalone target not found
Refreshing native plugins compatible for Editor in 0.52 ms, found 1 plugins.
Preloading 0 native plugins for Editor in 0.00 ms.
Invoked RoslynAnalysisRunner static constructor.
RoslynAnalysisRunner will not be running.
RoslynAnalysisRunner has terminated.
Mono: successfully reloaded assembly
- Completed reload, in  1.547 seconds
Platform modules already initialized, skipping
Refreshing native plugins compatible for Editor in 0.76 ms, found 1 plugins.
Preloading 0 native plugins for Editor in 0.00 ms.
Unloading 1808 Unused Serialized files (Serialized files now loaded: 0)
System memory in use before: 89.3 MB.
System memory in use after: 89.3 MB.

Unloading 12 unused Assets to reduce memory usage. Loaded Objects now: 2316.
Total: 3.494800 ms (FindLiveObjects: 0.559700 ms CreateObjectMapping: 0.219600 ms MarkObjects: 2.552200 ms  DeleteObjects: 0.159500 ms)

========================================================================
Received Prepare
Registering precompiled user dll's ...
Registered in 0.001175 seconds.
Begin MonoManager ReloadAssembly
Native extension for WindowsStandalone target not found
Refreshing native plugins compatible for Editor in 0.50 ms, found 1 plugins.
Preloading 0 native plugins for Editor in 0.00 ms.
Invoked RoslynAnalysisRunner static constructor.
RoslynAnalysisRunner will not be running.
RoslynAnalysisRunner has terminated.
Mono: successfully reloaded assembly
- Completed reload, in  1.469 seconds
Platform modules already initialized, skipping
Refreshing native plugins compatible for Editor in 0.71 ms, found 1 plugins.
Preloading 0 native plugins for Editor in 0.00 ms.
Unloading 1808 Unused Serialized files (Serialized files now loaded: 0)
System memory in use before: 89.4 MB.
System memory in use after: 89.4 MB.

Unloading 12 unused Assets to reduce memory usage. Loaded Objects now: 2319.
Total: 3.641800 ms (FindLiveObjects: 0.303200 ms CreateObjectMapping: 0.138600 ms MarkObjects: 2.914600 ms  DeleteObjects: 0.282700 ms)

========================================================================
Received Prepare
Registering precompiled user dll's ...
Registered in 0.001147 seconds.
Begin MonoManager ReloadAssembly
Native extension for WindowsStandalone target not found
Refreshing native plugins compatible for Editor in 0.47 ms, found 1 plugins.
Preloading 0 native plugins for Editor in 0.00 ms.
Invoked RoslynAnalysisRunner static constructor.
RoslynAnalysisRunner will not be running.
RoslynAnalysisRunner has terminated.
Mono: successfully reloaded assembly
- Completed reload, in  1.583 seconds
Platform modules already initialized, skipping
Refreshing native plugins compatible for Editor in 0.48 ms, found 1 plugins.
Preloading 0 native plugins for Editor in 0.00 ms.
Unloading 1808 Unused Serialized files (Serialized files now loaded: 0)
System memory in use before: 89.5 MB.
System memory in use after: 89.5 MB.

Unloading 12 unused Assets to reduce memory usage. Loaded Objects now: 2322.
Total: 4.118700 ms (FindLiveObjects: 0.965700 ms CreateObjectMapping: 0.117000 ms MarkObjects: 2.862700 ms  DeleteObjects: 0.167300 ms)

========================================================================
Received Import Request.
  Time since last request: 1090.479276 seconds.
  path: Assets/Simple Buttons/GrayRound.png
  artifactKey: Guid(9f3fe5aee49ffcf45b0b8cdc8afe1707) Importer(815301076,1909f56bfc062723c751e8b465ee728b)
Start importing Assets/Simple Buttons/GrayRound.png using Guid(9f3fe5aee49ffcf45b0b8cdc8afe1707) Importer(815301076,1909f56bfc062723c751e8b465ee728b)  -> (artifact id: 'e6b691a0ec7fd24e50de30c40305a989') in 0.193107 seconds
  Import took 0.201627 seconds .

========================================================================
Received Import Request.
  Time since last request: 0.000388 seconds.
  path: Assets/Simple Buttons/GraySquare.png
  artifactKey: Guid(9bd836ecda94f2c43952b7044e995758) Importer(815301076,1909f56bfc062723c751e8b465ee728b)
Start importing Assets/Simple Buttons/GraySquare.png using Guid(9bd836ecda94f2c43952b7044e995758) Importer(815301076,1909f56bfc062723c751e8b465ee728b)  -> (artifact id: 'b87c1974b22c3490b3e076983d52ef76') in 0.035580 seconds
  Import took 0.043528 seconds .

========================================================================
Received Import Request.
  Time since last request: 0.001431 seconds.
  path: Assets/Simple Buttons/PinkSquare.png
  artifactKey: Guid(0f51b1b75b0cda146a0198335ba7afad) Importer(815301076,1909f56bfc062723c751e8b465ee728b)
Start importing Assets/Simple Buttons/PinkSquare.png using Guid(0f51b1b75b0cda146a0198335ba7afad) Importer(815301076,1909f56bfc062723c751e8b465ee728b)  -> (artifact id: 'e7b5c4323685214694d19ba7c5108a42') in 0.040051 seconds
  Import took 0.049776 seconds .

========================================================================
Received Import Request.
  Time since last request: 0.000405 seconds.
  path: Assets/Simple Buttons/GraySquare.png
  artifactKey: Guid(9bd836ecda94f2c43952b7044e995758) Importer(815301076,1909f56bfc062723c751e8b465ee728b)
Start importing Assets/Simple Buttons/GraySquare.png using Guid(9bd836ecda94f2c43952b7044e995758) Importer(815301076,1909f56bfc062723c751e8b465ee728b)  -> (artifact id: 'b87c1974b22c3490b3e076983d52ef76') in 0.035788 seconds
  Import took 0.045232 seconds .

========================================================================
Received Import Request.
  Time since last request: 0.000165 seconds.
  path: Assets/Simple Buttons/GreenSquare.png
  artifactKey: Guid(a88d28a1d6de27c418fe34d102a2b296) Importer(815301076,1909f56bfc062723c751e8b465ee728b)
Start importing Assets/Simple Buttons/GreenSquare.png using Guid(a88d28a1d6de27c418fe34d102a2b296) Importer(815301076,1909f56bfc062723c751e8b465ee728b)  -> (artifact id: '2bd78bf6af6c0611d01e323b44d59427') in 0.048389 seconds
  Import took 0.058666 seconds .

========================================================================
Received Import Request.
  Time since last request: 0.000383 seconds.
  path: Assets/Simple Buttons/GreenRound.png
  artifactKey: Guid(c66496c0a7a9bbb40bae317a92b9db4a) Importer(815301076,1909f56bfc062723c751e8b465ee728b)
Start importing Assets/Simple Buttons/GreenRound.png using Guid(c66496c0a7a9bbb40bae317a92b9db4a) Importer(815301076,1909f56bfc062723c751e8b465ee728b)  -> (artifact id: '7ccb492d4fd633552648440ec872e6c9') in 0.099962 seconds
  Import took 0.109430 seconds .

========================================================================
Received Import Request.
  Time since last request: 0.000368 seconds.
  path: Assets/Simple Buttons/PinkRound.png
  artifactKey: Guid(28b781480b4bb7240ad58baebe8f65dc) Importer(815301076,1909f56bfc062723c751e8b465ee728b)
Start importing Assets/Simple Buttons/PinkRound.png using Guid(28b781480b4bb7240ad58baebe8f65dc) Importer(815301076,1909f56bfc062723c751e8b465ee728b)  -> (artifact id: '3f3447f89fcdafdd7d5dd498c53117d8') in 0.035941 seconds
  Import took 0.043481 seconds .

========================================================================
Received Import Request.
  Time since last request: 0.000372 seconds.
  path: Assets/Simple Buttons/GreenRound.png
  artifactKey: Guid(c66496c0a7a9bbb40bae317a92b9db4a) Importer(815301076,1909f56bfc062723c751e8b465ee728b)
Start importing Assets/Simple Buttons/GreenRound.png using Guid(c66496c0a7a9bbb40bae317a92b9db4a) Importer(815301076,1909f56bfc062723c751e8b465ee728b)  -> (artifact id: '7ccb492d4fd633552648440ec872e6c9') in 0.042839 seconds
  Import took 0.061609 seconds .

========================================================================
Received Import Request.
  Time since last request: 0.000456 seconds.
  path: Assets/Simple Buttons/PinkRound.png
  artifactKey: Guid(28b781480b4bb7240ad58baebe8f65dc) Importer(815301076,1909f56bfc062723c751e8b465ee728b)
Start importing Assets/Simple Buttons/PinkRound.png using Guid(28b781480b4bb7240ad58baebe8f65dc) Importer(815301076,1909f56bfc062723c751e8b465ee728b)  -> (artifact id: '3f3447f89fcdafdd7d5dd498c53117d8') in 0.039780 seconds
  Import took 0.049404 seconds .

========================================================================
Received Import Request.
  Time since last request: 0.000329 seconds.
  path: Assets/Simple Buttons/GrayRound.png
  artifactKey: Guid(9f3fe5aee49ffcf45b0b8cdc8afe1707) Importer(815301076,1909f56bfc062723c751e8b465ee728b)
Start importing Assets/Simple Buttons/GrayRound.png using Guid(9f3fe5aee49ffcf45b0b8cdc8afe1707) Importer(815301076,1909f56bfc062723c751e8b465ee728b)  -> (artifact id: 'e6b691a0ec7fd24e50de30c40305a989') in 0.029887 seconds
  Import took 0.037949 seconds .

========================================================================
Received Import Request.
  Time since last request: 0.037082 seconds.
  path: Assets/Simple Buttons/BlueSquare.png
  artifactKey: Guid(2d7d34242bb238342b5090606321941d) Importer(815301076,1909f56bfc062723c751e8b465ee728b)
Start importing Assets/Simple Buttons/BlueSquare.png using Guid(2d7d34242bb238342b5090606321941d) Importer(815301076,1909f56bfc062723c751e8b465ee728b)  -> (artifact id: '25e705935e03e531e5145a2958458f2d') in 0.039683 seconds
  Import took 0.049752 seconds .

========================================================================
Received Prepare
Registering precompiled user dll's ...
Registered in 0.001633 seconds.
Begin MonoManager ReloadAssembly
Native extension for WindowsStandalone target not found
Refreshing native plugins compatible for Editor in 0.50 ms, found 1 plugins.
Preloading 0 native plugins for Editor in 0.00 ms.
Invoked RoslynAnalysisRunner static constructor.
RoslynAnalysisRunner will not be running.
RoslynAnalysisRunner has terminated.
Mono: successfully reloaded assembly
- Completed reload, in  1.572 seconds
Platform modules already initialized, skipping
Refreshing native plugins compatible for Editor in 0.64 ms, found 1 plugins.
Preloading 0 native plugins for Editor in 0.00 ms.
Unloading 1808 Unused Serialized files (Serialized files now loaded: 0)
System memory in use before: 89.6 MB.
System memory in use after: 89.6 MB.

Unloading 12 unused Assets to reduce memory usage. Loaded Objects now: 2326.
Total: 4.248200 ms (FindLiveObjects: 0.429500 ms CreateObjectMapping: 0.157600 ms MarkObjects: 3.492700 ms  DeleteObjects: 0.166400 ms)

========================================================================
Received Prepare
Registering precompiled user dll's ...
Registered in 0.004637 seconds.
Begin MonoManager ReloadAssembly
Native extension for WindowsStandalone target not found
Refreshing native plugins compatible for Editor in 0.79 ms, found 1 plugins.
Preloading 0 native plugins for Editor in 0.00 ms.
Invoked RoslynAnalysisRunner static constructor.
RoslynAnalysisRunner will not be running.
RoslynAnalysisRunner has terminated.
Mono: successfully reloaded assembly
- Completed reload, in  2.213 seconds
Platform modules already initialized, skipping
Refreshing native plugins compatible for Editor in 0.60 ms, found 1 plugins.
Preloading 0 native plugins for Editor in 0.00 ms.
Unloading 1808 Unused Serialized files (Serialized files now loaded: 0)
System memory in use before: 89.6 MB.
System memory in use after: 89.6 MB.

Unloading 12 unused Assets to reduce memory usage. Loaded Objects now: 2329.
Total: 6.769600 ms (FindLiveObjects: 0.648800 ms CreateObjectMapping: 0.186700 ms MarkObjects: 5.446400 ms  DeleteObjects: 0.485000 ms)

========================================================================
Received Prepare
Registering precompiled user dll's ...
Registered in 0.001259 seconds.
Begin MonoManager ReloadAssembly
Native extension for WindowsStandalone target not found
Refreshing native plugins compatible for Editor in 0.50 ms, found 1 plugins.
Preloading 0 native plugins for Editor in 0.00 ms.
Invoked RoslynAnalysisRunner static constructor.
RoslynAnalysisRunner will not be running.
RoslynAnalysisRunner has terminated.
Mono: successfully reloaded assembly
- Completed reload, in  1.667 seconds
Platform modules already initialized, skipping
Refreshing native plugins compatible for Editor in 0.48 ms, found 1 plugins.
Preloading 0 native plugins for Editor in 0.00 ms.
Unloading 1808 Unused Serialized files (Serialized files now loaded: 0)
System memory in use before: 89.7 MB.
System memory in use after: 89.7 MB.

Unloading 12 unused Assets to reduce memory usage. Loaded Objects now: 2332.
Total: 4.188400 ms (FindLiveObjects: 0.490000 ms CreateObjectMapping: 0.154000 ms MarkObjects: 3.370700 ms  DeleteObjects: 0.171400 ms)

========================================================================
Received Prepare
Registering precompiled user dll's ...
Registered in 0.001439 seconds.
Begin MonoManager ReloadAssembly
Native extension for WindowsStandalone target not found
Refreshing native plugins compatible for Editor in 0.51 ms, found 1 plugins.
Preloading 0 native plugins for Editor in 0.00 ms.
Invoked RoslynAnalysisRunner static constructor.
RoslynAnalysisRunner will not be running.
RoslynAnalysisRunner has terminated.
Mono: successfully reloaded assembly
- Completed reload, in  1.595 seconds
Platform modules already initialized, skipping
Refreshing native plugins compatible for Editor in 0.50 ms, found 1 plugins.
Preloading 0 native plugins for Editor in 0.00 ms.
Unloading 1808 Unused Serialized files (Serialized files now loaded: 0)
System memory in use before: 89.8 MB.
System memory in use after: 89.8 MB.

Unloading 12 unused Assets to reduce memory usage. Loaded Objects now: 2335.
Total: 3.125000 ms (FindLiveObjects: 0.379400 ms CreateObjectMapping: 0.132700 ms MarkObjects: 2.426700 ms  DeleteObjects: 0.183900 ms)

========================================================================
Received Prepare
Registering precompiled user dll's ...
Registered in 0.001702 seconds.
Begin MonoManager ReloadAssembly
Native extension for WindowsStandalone target not found
Refreshing native plugins compatible for Editor in 0.52 ms, found 1 plugins.
Preloading 0 native plugins for Editor in 0.00 ms.
Invoked RoslynAnalysisRunner static constructor.
RoslynAnalysisRunner will not be running.
RoslynAnalysisRunner has terminated.
Mono: successfully reloaded assembly
- Completed reload, in  3.283 seconds
Platform modules already initialized, skipping
Refreshing native plugins compatible for Editor in 0.50 ms, found 1 plugins.
Preloading 0 native plugins for Editor in 0.00 ms.
Unloading 1808 Unused Serialized files (Serialized files now loaded: 0)
System memory in use before: 89.9 MB.
System memory in use after: 89.9 MB.

Unloading 12 unused Assets to reduce memory usage. Loaded Objects now: 2338.
Total: 5.129100 ms (FindLiveObjects: 1.084200 ms CreateObjectMapping: 0.178300 ms MarkObjects: 3.582200 ms  DeleteObjects: 0.282200 ms)

AssetImportWorkerClient::OnTransportError - code=2 error=End of file
